d:\documents\full sail university\ai\artificial-intelligence-course\lab projects\b - path planner\project\pathplannerapp\debug\vc142.pdb
d:\documents\full sail university\ai\artificial-intelligence-course\lab projects\b - path planner\project\pathplannerapp\debug\vc142.idb
d:\documents\full sail university\ai\artificial-intelligence-course\lab projects\b - path planner\project\pathplannerapp\debug\pathplannerlab.obj
c:\users\jdmax\documents\full sail university- game developer\artificial inteligent\artificial-intelligence-course\lab projects\b - path planner\project\pathplannerapp\debug\vc142.pdb
c:\users\jdmax\documents\full sail university- game developer\artificial inteligent\artificial-intelligence-course\lab projects\b - path planner\project\pathplannerapp\debug\vc142.idb
c:\users\jdmax\documents\full sail university- game developer\artificial inteligent\artificial-intelligence-course\lab projects\b - path planner\project\pathplannerapp\debug\pathplannerlab.obj
d:\documents\full sail university\ai\artificial-intelligence-course\lab projects\b - path planner\project\pathplannerapp\debug\pathplannerapp.ilk
d:\documents\full sail university\ai\artificial-intelligence-course\lab projects\b - path planner\project\debug\pathplannerapp.exe
d:\documents\full sail university\ai\artificial-intelligence-course\lab projects\b - path planner\project\debug\pathplannerapp.pdb
c:\users\jdmax\documents\full sail university- game developer\artificial inteligent\artificial-intelligence-course\lab projects\b - path planner\project\pathplannerapp\debug\pathplannerapp.ilk
c:\users\jdmax\documents\full sail university- game developer\artificial inteligent\artificial-intelligence-course\lab projects\b - path planner\project\debug\pathplannerapp.exe
c:\users\jdmax\documents\full sail university- game developer\artificial inteligent\artificial-intelligence-course\lab projects\b - path planner\project\debug\pathplannerapp.pdb
d:\documents\full sail university\ai\artificial-intelligence-course\lab projects\b - path planner\project\pathplannerapp\debug\pathplanner.res
c:\users\jdmax\documents\full sail university- game developer\artificial inteligent\artificial-intelligence-course\lab projects\b - path planner\project\pathplannerapp\debug\pathplanner.res
d:\documents\full sail university\ai\artificial-intelligence-course\lab projects\b - path planner\project\pathplannerapp\debug\pathplannerapp.tlog\cl.command.1.tlog
d:\documents\full sail university\ai\artificial-intelligence-course\lab projects\b - path planner\project\pathplannerapp\debug\pathplannerapp.tlog\cl.read.1.tlog
d:\documents\full sail university\ai\artificial-intelligence-course\lab projects\b - path planner\project\pathplannerapp\debug\pathplannerapp.tlog\cl.write.1.tlog
d:\documents\full sail university\ai\artificial-intelligence-course\lab projects\b - path planner\project\pathplannerapp\debug\pathplannerapp.tlog\link.command.1.tlog
d:\documents\full sail university\ai\artificial-intelligence-course\lab projects\b - path planner\project\pathplannerapp\debug\pathplannerapp.tlog\link.read.1.tlog
d:\documents\full sail university\ai\artificial-intelligence-course\lab projects\b - path planner\project\pathplannerapp\debug\pathplannerapp.tlog\link.write.1.tlog
d:\documents\full sail university\ai\artificial-intelligence-course\lab projects\b - path planner\project\pathplannerapp\debug\pathplannerapp.tlog\rc.command.1.tlog
d:\documents\full sail university\ai\artificial-intelligence-course\lab projects\b - path planner\project\pathplannerapp\debug\pathplannerapp.tlog\rc.read.1.tlog
d:\documents\full sail university\ai\artificial-intelligence-course\lab projects\b - path planner\project\pathplannerapp\debug\pathplannerapp.tlog\rc.write.1.tlog
